#
# A fatal error has been detected by the Java Runtime Environment:
#
#  EXCEPTION_ACCESS_VIOLATION (0xc0000005) at pc=0x0000000000000000, pid=19428, tid=18584
#
# JRE version: Java(TM) SE Runtime Environment 18.9 (11.0.12+8) (build 11.0.12+8-LTS-237)
# Java VM: Java HotSpot(TM) 64-Bit Server VM 18.9 (11.0.12+8-LTS-237, mixed mode, tiered, compressed oops, g1 gc, windows-amd64)
# Problematic frame:
# C  0x0000000000000000
#
# No core dump will be written. Minidumps are not enabled by default on client versions of Windows
#
# If you would like to submit a bug report, please visit:
#   https://bugreport.java.com/bugreport/crash.jsp
# The crash happened outside the Java Virtual Machine in native code.
# See problematic frame for where to report the bug.
#

---------------  S U M M A R Y ------------

Command Line: -Dfile.encoding=UTF-8 Views.LoginForm

Host: Intel(R) Core(TM) i7-4790 CPU @ 3.60GHz, 8 cores, 15G,  Windows 10 , 64 bit Build 19041 (10.0.19041.2788)
Time: Sun Apr 30 16:14:19 2023 Hora est. Pacífico, Sudamérica elapsed time: 30.592764 seconds (0d 0h 0m 30s)

---------------  T H R E A D  ---------------

Current thread (0x00000219a196e800):  JavaThread "Finalizer" daemon [_thread_in_native, id=18584, stack(0x000000c083700000,0x000000c083800000)]

Stack: [0x000000c083700000,0x000000c083800000],  sp=0x000000c0837ff098,  free space=1020k
Native frames: (J=compiled Java code, j=interpreted, Vv=VM code, C=native code)

Java frames: (J=compiled Java code, j=interpreted, Vv=VM code)
j  org.sqlite.core.NativeDB._close()V+0
j  org.sqlite.core.DB.close()V+152
j  org.sqlite.core.CoreConnection.close()V+26
j  org.sqlite.core.CoreConnection.finalize()V+1
j  java.lang.System$2.invokeFinalize(Ljava/lang/Object;)V+1 java.base@11.0.12
j  java.lang.ref.Finalizer.runFinalizer(Ljdk/internal/access/JavaLangAccess;)V+101 java.base@11.0.12
j  java.lang.ref.Finalizer$FinalizerThread.run()V+46 java.base@11.0.12
v  ~StubRoutines::call_stub

siginfo: EXCEPTION_ACCESS_VIOLATION (0xc0000005), data execution prevention violation at address 0x0000000000000000


Register to memory mapping:

RIP=0x0 is NULL
RAX=0x0000000000000001 is an unknown value
RBX=0x00000219a9702288 points into unknown readable memory: 0x000000006d618c60 | 60 8c 61 6d 00 00 00 00
RCX=0x00000219a96ff938 points into unknown readable memory: 0xffffffffffffffff | ff ff ff ff ff ff ff ff
RDX=0x00000000a029a697 is an unknown value
RSP=0x000000c0837ff098 is pointing into the stack for thread: 0x00000219a196e800
RBP=0x000000c0837ff1b8 is pointing into the stack for thread: 0x00000219a196e800
RSI=0x0 is NULL
RDI=0x00000219883ea127 is at code_begin+2343 in an Interpreter codelet
invoke return entry points  [0x00000219883e9800, 0x00000219883ea200]  2560 bytes
R8 =0x00000000000000a2 is an unknown value
R9 =0x000000070e12a618 is an oop: org.sqlite.core.NativeDB 
{0x000000070e12a618} - klass: 'org/sqlite/core/NativeDB'
R10=0x0000000000000254 is an unknown value
R11=0x00007ff93b066c6c jvm.dll
R12=0x0 is NULL
R13=0x00000219ad50c798 is pointing into metadata
R14=0x000000c0837ff1d8 is pointing into the stack for thread: 0x00000219a196e800
R15=0x00000219a196e800 is a thread


Registers:
RAX=0x0000000000000001, RBX=0x00000219a9702288, RCX=0x00000219a96ff938, RDX=0x00000000a029a697
RSP=0x000000c0837ff098, RBP=0x000000c0837ff1b8, RSI=0x0000000000000000, RDI=0x00000219883ea127
R8 =0x00000000000000a2, R9 =0x000000070e12a618, R10=0x0000000000000254, R11=0x00007ff93b066c6c
R12=0x0000000000000000, R13=0x00000219ad50c798, R14=0x000000c0837ff1d8, R15=0x00000219a196e800
RIP=0x0000000000000000, EFLAGS=0x0000000000010202

Top of Stack: (sp=0x000000c0837ff098)
0x000000c0837ff098:   0000000000ad9b84 00000219a196eb48
0x000000c0837ff0a8:   0000000000a8157f 000000c0837ff0d0
0x000000c0837ff0b8:   00000219a196e800 00000219a196eb48
0x000000c0837ff0c8:   000000c0837ff1d8 00000219883ea127
0x000000c0837ff0d8:   000000c0837ff1b8 0000000000000000
0x000000c0837ff0e8:   0000000000a81f39 00000219ad50c7a0
0x000000c0837ff0f8:   00000219883efe55 000000c0837ff700
0x000000c0837ff108:   00000219ad50c7a0 00000219a196e800
0x000000c0837ff118:   00000219ad50c7a0 00000219a3576138
0x000000c0837ff128:   00000219883f000c 00000219883ea127
0x000000c0837ff138:   00000219883efb1c 00000219a196e800
0x000000c0837ff148:   00000219ad50c7a0 000000c0837ff1b8
0x000000c0837ff158:   00000219a3576138 0000000000000000
0x000000c0837ff168:   000000070e12a618 000000c0837ff160
0x000000c0837ff178:   00000219ad50c798 000000c0837ff1d8
0x000000c0837ff188:   00000219ad552260 0000000000000000 

Instructions: (pc=0x0000000000000000)
0xffffffffffffffe0:   


Stack slot to memory mapping:
stack at sp + 0 slots: 0x0000000000ad9b84 sqlite-3.8.11.2-d99767d8-3370-4f33-a1c4-cbe4b2a33cc6-sqlitejdbc.dll
stack at sp + 1 slots: 0x00000219a196eb48 points into unknown readable memory: 0x00007ff93afead00 | 00 ad fe 3a f9 7f 00 00
stack at sp + 2 slots: 0x0000000000a8157f sqlite-3.8.11.2-d99767d8-3370-4f33-a1c4-cbe4b2a33cc6-sqlitejdbc.dll
stack at sp + 3 slots: 0x000000c0837ff0d0 is pointing into the stack for thread: 0x00000219a196e800
stack at sp + 4 slots: 0x00000219a196e800 is a thread
stack at sp + 5 slots: 0x00000219a196eb48 points into unknown readable memory: 0x00007ff93afead00 | 00 ad fe 3a f9 7f 00 00
stack at sp + 6 slots: 0x000000c0837ff1d8 is pointing into the stack for thread: 0x00000219a196e800
stack at sp + 7 slots: 0x00000219883ea127 is at code_begin+2343 in an Interpreter codelet
invoke return entry points  [0x00000219883e9800, 0x00000219883ea200]  2560 bytes


---------------  P R O C E S S  ---------------

Threads class SMR info:
_java_thread_list=0x00000219ac0cf3d0, length=16, elements={
0x00000219a196d000, 0x00000219a196e800, 0x00000219a1995800, 0x00000219a1996800,
0x00000219a1998000, 0x00000219a199c000, 0x00000219a2286000, 0x00000219a2286800,
0x00000219a23ff000, 0x00000219a28cc000, 0x00000219a2934000, 0x00000219a2912000,
0x00000219a41e1000, 0x00000219fddc8800, 0x00000219a4a60800, 0x00000219a4f2c000
}

Java Threads: ( => current thread )
  0x00000219a196d000 JavaThread "Reference Handler" daemon [_thread_blocked, id=3424, stack(0x000000c083600000,0x000000c083700000)]
=>0x00000219a196e800 JavaThread "Finalizer" daemon [_thread_in_native, id=18584, stack(0x000000c083700000,0x000000c083800000)]
  0x00000219a1995800 JavaThread "Signal Dispatcher" daemon [_thread_blocked, id=10232, stack(0x000000c083800000,0x000000c083900000)]
  0x00000219a1996800 JavaThread "Attach Listener" daemon [_thread_blocked, id=19124, stack(0x000000c083900000,0x000000c083a00000)]
  0x00000219a1998000 JavaThread "Service Thread" daemon [_thread_blocked, id=1852, stack(0x000000c083a00000,0x000000c083b00000)]
  0x00000219a199c000 JavaThread "C2 CompilerThread0" daemon [_thread_blocked, id=932, stack(0x000000c083b00000,0x000000c083c00000)]
  0x00000219a2286000 JavaThread "C1 CompilerThread0" daemon [_thread_blocked, id=2136, stack(0x000000c083c00000,0x000000c083d00000)]
  0x00000219a2286800 JavaThread "Sweeper thread" daemon [_thread_blocked, id=17088, stack(0x000000c083d00000,0x000000c083e00000)]
  0x00000219a23ff000 JavaThread "Common-Cleaner" daemon [_thread_blocked, id=12632, stack(0x000000c083f00000,0x000000c084000000)]
  0x00000219a28cc000 JavaThread "Java2D Disposer" daemon [_thread_blocked, id=7256, stack(0x000000c084100000,0x000000c084200000)]
  0x00000219a2934000 JavaThread "AWT-Shutdown" [_thread_blocked, id=14436, stack(0x000000c084200000,0x000000c084300000)]
  0x00000219a2912000 JavaThread "AWT-Windows" daemon [_thread_in_native, id=17912, stack(0x000000c084300000,0x000000c084400000)]
  0x00000219a41e1000 JavaThread "AWT-EventQueue-0" [_thread_blocked, id=18492, stack(0x000000c084400000,0x000000c084500000)]
  0x00000219fddc8800 JavaThread "DestroyJavaVM" [_thread_blocked, id=13072, stack(0x000000c082f00000,0x000000c083000000)]
  0x00000219a4a60800 JavaThread "TimerQueue" daemon [_thread_blocked, id=2416, stack(0x000000c084600000,0x000000c084700000)]
  0x00000219a4f2c000 JavaThread "D3D Screen Updater" daemon [_thread_blocked, id=14028, stack(0x000000c084b00000,0x000000c084c00000)]

Other Threads:
  0x00000219a196b800 VMThread "VM Thread" [stack: 0x000000c083500000,0x000000c083600000] [id=13608]
  0x00000219a23f3800 WatcherThread [stack: 0x000000c083e00000,0x000000c083f00000] [id=12828]
  0x00000219fddde000 GCTaskThread "GC Thread#0" [stack: 0x000000c083000000,0x000000c083100000] [id=6744]
  0x00000219a482e000 GCTaskThread "GC Thread#1" [stack: 0x000000c084000000,0x000000c084100000] [id=6668]
  0x00000219a482e800 GCTaskThread "GC Thread#2" [stack: 0x000000c084c00000,0x000000c084d00000] [id=16820]
  0x00000219a503f800 GCTaskThread "GC Thread#3" [stack: 0x000000c084d00000,0x000000c084e00000] [id=11368]
  0x00000219a5041000 GCTaskThread "GC Thread#4" [stack: 0x000000c084e00000,0x000000c084f00000] [id=12460]
  0x00000219a5042000 GCTaskThread "GC Thread#5" [stack: 0x000000c084f00000,0x000000c085000000] [id=18448]
  0x00000219fde3a000 ConcurrentGCThread "G1 Main Marker" [stack: 0x000000c083100000,0x000000c083200000] [id=3292]
  0x00000219fde3b800 ConcurrentGCThread "G1 Conc#0" [stack: 0x000000c083200000,0x000000c083300000] [id=2356]
  0x00000219a2497000 ConcurrentGCThread "G1 Conc#1" [stack: 0x000000c085000000,0x000000c085100000] [id=10960]
  0x00000219a184b800 ConcurrentGCThread "G1 Refine#0" [stack: 0x000000c083300000,0x000000c083400000] [id=1864]
  0x00000219a184c000 ConcurrentGCThread "G1 Young RemSet Sampling" [stack: 0x000000c083400000,0x000000c083500000] [id=10080]

Threads with active compile tasks:

VM state:not at safepoint (normal execution)

VM Mutex/Monitor currently owned by a thread: None

Heap address: 0x0000000701000000, size: 4080 MB, Compressed Oops mode: Zero based, Oop shift amount: 3
Narrow klass base: 0x0000000800000000, Narrow klass shift: 0
Compressed class space size: 1073741824 Address: 0x0000000800000000

Heap:
 garbage-first heap   total 262144K, used 7805K [0x0000000701000000, 0x0000000800000000)
  region size 1024K, 5 young (5120K), 3 survivors (3072K)
 Metaspace       used 29918K, capacity 30467K, committed 30716K, reserved 1077248K
  class space    used 3258K, capacity 3508K, committed 3580K, reserved 1048576K
Heap Regions: E=young(eden), S=young(survivor), O=old, HS=humongous(starts), HC=humongous(continues), CS=collection set, F=free, A=archive, TAMS=top-at-mark-start (previous, next)
|   0|0x0000000701000000, 0x0000000701100000, 0x0000000701100000|100%| O|  |TAMS 0x0000000701100000, 0x0000000701000000| Untracked 
|   1|0x0000000701100000, 0x0000000701200000, 0x0000000701200000|100%| O|  |TAMS 0x0000000701148600, 0x0000000701100000| Untracked 
|   2|0x0000000701200000, 0x0000000701300000, 0x0000000701300000|100%| O|  |TAMS 0x0000000701200000, 0x0000000701200000| Untracked 
|   3|0x0000000701300000, 0x0000000701400000, 0x0000000701400000|100%| O|  |TAMS 0x0000000701300000, 0x0000000701300000| Untracked 
|   4|0x0000000701400000, 0x0000000701453400, 0x0000000701500000| 32%| O|  |TAMS 0x0000000701400000, 0x0000000701400000| Untracked 
|   5|0x0000000701500000, 0x0000000701500000, 0x0000000701600000|  0%| F|  |TAMS 0x0000000701500000, 0x0000000701500000| Untracked 
|   6|0x0000000701600000, 0x0000000701600000, 0x0000000701700000|  0%| F|  |TAMS 0x0000000701600000, 0x0000000701600000| Untracked 
|   7|0x0000000701700000, 0x0000000701700000, 0x0000000701800000|  0%| F|  |TAMS 0x0000000701700000, 0x0000000701700000| Untracked 
|   8|0x0000000701800000, 0x0000000701800000, 0x0000000701900000|  0%| F|  |TAMS 0x0000000701800000, 0x0000000701800000| Untracked 
|   9|0x0000000701900000, 0x0000000701900000, 0x0000000701a00000|  0%| F|  |TAMS 0x0000000701900000, 0x0000000701900000| Untracked 
|  10|0x0000000701a00000, 0x0000000701a00000, 0x0000000701b00000|  0%| F|  |TAMS 0x0000000701a00000, 0x0000000701a00000| Untracked 
|  11|0x0000000701b00000, 0x0000000701b00000, 0x0000000701c00000|  0%| F|  |TAMS 0x0000000701b00000, 0x0000000701b00000| Untracked 
|  12|0x0000000701c00000, 0x0000000701c00000, 0x0000000701d00000|  0%| F|  |TAMS 0x0000000701c00000, 0x0000000701c00000| Untracked 
|  13|0x0000000701d00000, 0x0000000701d00000, 0x0000000701e00000|  0%| F|  |TAMS 0x0000000701d00000, 0x0000000701d00000| Untracked 
|  14|0x0000000701e00000, 0x0000000701e00000, 0x0000000701f00000|  0%| F|  |TAMS 0x0000000701e00000, 0x0000000701e00000| Untracked 
|  15|0x0000000701f00000, 0x0000000701f00000, 0x0000000702000000|  0%| F|  |TAMS 0x0000000701f00000, 0x0000000701f00000| Untracked 
|  16|0x0000000702000000, 0x0000000702000000, 0x0000000702100000|  0%| F|  |TAMS 0x0000000702000000, 0x0000000702000000| Untracked 
|  17|0x0000000702100000, 0x0000000702100000, 0x0000000702200000|  0%| F|  |TAMS 0x0000000702100000, 0x0000000702100000| Untracked 
|  18|0x0000000702200000, 0x0000000702200000, 0x0000000702300000|  0%| F|  |TAMS 0x0000000702200000, 0x0000000702200000| Untracked 
|  19|0x0000000702300000, 0x0000000702300000, 0x0000000702400000|  0%| F|  |TAMS 0x0000000702300000, 0x0000000702300000| Untracked 
|  20|0x0000000702400000, 0x0000000702400000, 0x0000000702500000|  0%| F|  |TAMS 0x0000000702400000, 0x0000000702400000| Untracked 
|  21|0x0000000702500000, 0x0000000702500000, 0x0000000702600000|  0%| F|  |TAMS 0x0000000702500000, 0x0000000702500000| Untracked 
|  22|0x0000000702600000, 0x0000000702600000, 0x0000000702700000|  0%| F|  |TAMS 0x0000000702600000, 0x0000000702600000| Untracked 
|  23|0x0000000702700000, 0x0000000702700000, 0x0000000702800000|  0%| F|  |TAMS 0x0000000702700000, 0x0000000702700000| Untracked 
|  24|0x0000000702800000, 0x0000000702800000, 0x0000000702900000|  0%| F|  |TAMS 0x0000000702800000, 0x0000000702800000| Untracked 
|  25|0x0000000702900000, 0x0000000702900000, 0x0000000702a00000|  0%| F|  |TAMS 0x0000000702900000, 0x0000000702900000| Untracked 
|  26|0x0000000702a00000, 0x0000000702a00000, 0x0000000702b00000|  0%| F|  |TAMS 0x0000000702a00000, 0x0000000702a00000| Untracked 
|  27|0x0000000702b00000, 0x0000000702b00000, 0x0000000702c00000|  0%| F|  |TAMS 0x0000000702b00000, 0x0000000702b00000| Untracked 
|  28|0x0000000702c00000, 0x0000000702c00000, 0x0000000702d00000|  0%| F|  |TAMS 0x0000000702c00000, 0x0000000702c00000| Untracked 
|  29|0x0000000702d00000, 0x0000000702d00000, 0x0000000702e00000|  0%| F|  |TAMS 0x0000000702d00000, 0x0000000702d00000| Untracked 
|  30|0x0000000702e00000, 0x0000000702e00000, 0x0000000702f00000|  0%| F|  |TAMS 0x0000000702e00000, 0x0000000702e00000| Untracked 
|  31|0x0000000702f00000, 0x0000000702f00000, 0x0000000703000000|  0%| F|  |TAMS 0x0000000702f00000, 0x0000000702f00000| Untracked 
|  32|0x0000000703000000, 0x0000000703000000, 0x0000000703100000|  0%| F|  |TAMS 0x0000000703000000, 0x0000000703000000| Untracked 
|  33|0x0000000703100000, 0x0000000703100000, 0x0000000703200000|  0%| F|  |TAMS 0x0000000703100000, 0x0000000703100000| Untracked 
|  34|0x0000000703200000, 0x0000000703200000, 0x0000000703300000|  0%| F|  |TAMS 0x0000000703200000, 0x0000000703200000| Untracked 
|  35|0x0000000703300000, 0x0000000703300000, 0x0000000703400000|  0%| F|  |TAMS 0x0000000703300000, 0x0000000703300000| Untracked 
|  36|0x0000000703400000, 0x0000000703400000, 0x0000000703500000|  0%| F|  |TAMS 0x0000000703400000, 0x0000000703400000| Untracked 
|  37|0x0000000703500000, 0x0000000703500000, 0x0000000703600000|  0%| F|  |TAMS 0x0000000703500000, 0x0000000703500000| Untracked 
|  38|0x0000000703600000, 0x0000000703600000, 0x0000000703700000|  0%| F|  |TAMS 0x0000000703600000, 0x0000000703600000| Untracked 
|  39|0x0000000703700000, 0x0000000703700000, 0x0000000703800000|  0%| F|  |TAMS 0x0000000703700000, 0x0000000703700000| Untracked 
|  40|0x0000000703800000, 0x0000000703800000, 0x0000000703900000|  0%| F|  |TAMS 0x0000000703800000, 0x0000000703800000| Untracked 
|  41|0x0000000703900000, 0x0000000703900000, 0x0000000703a00000|  0%| F|  |TAMS 0x0000000703900000, 0x0000000703900000| Untracked 
|  42|0x0000000703a00000, 0x0000000703a00000, 0x0000000703b00000|  0%| F|  |TAMS 0x0000000703a00000, 0x0000000703a00000| Untracked 
|  43|0x0000000703b00000, 0x0000000703b00000, 0x0000000703c00000|  0%| F|  |TAMS 0x0000000703b00000, 0x0000000703b00000| Untracked 
|  44|0x0000000703c00000, 0x0000000703c00000, 0x0000000703d00000|  0%| F|  |TAMS 0x0000000703c00000, 0x0000000703c00000| Untracked 
|  45|0x0000000703d00000, 0x0000000703d00000, 0x0000000703e00000|  0%| F|  |TAMS 0x0000000703d00000, 0x0000000703d00000| Untracked 
|  46|0x0000000703e00000, 0x0000000703e00000, 0x0000000703f00000|  0%| F|  |TAMS 0x0000000703e00000, 0x0000000703e00000| Untracked 
|  47|0x0000000703f00000, 0x0000000703f00000, 0x0000000704000000|  0%| F|  |TAMS 0x0000000703f00000, 0x0000000703f00000| Untracked 
|  48|0x0000000704000000, 0x0000000704000000, 0x0000000704100000|  0%| F|  |TAMS 0x0000000704000000, 0x0000000704000000| Untracked 
|  49|0x0000000704100000, 0x0000000704100000, 0x0000000704200000|  0%| F|  |TAMS 0x0000000704100000, 0x0000000704100000| Untracked 
|  50|0x0000000704200000, 0x0000000704200000, 0x0000000704300000|  0%| F|  |TAMS 0x0000000704200000, 0x0000000704200000| Untracked 
|  51|0x0000000704300000, 0x0000000704300000, 0x0000000704400000|  0%| F|  |TAMS 0x0000000704300000, 0x0000000704300000| Untracked 
|  52|0x0000000704400000, 0x0000000704400000, 0x0000000704500000|  0%| F|  |TAMS 0x0000000704400000, 0x0000000704400000| Untracked 
|  53|0x0000000704500000, 0x0000000704500000, 0x0000000704600000|  0%| F|  |TAMS 0x0000000704500000, 0x0000000704500000| Untracked 
|  54|0x0000000704600000, 0x0000000704600000, 0x0000000704700000|  0%| F|  |TAMS 0x0000000704600000, 0x0000000704600000| Untracked 
|  55|0x0000000704700000, 0x0000000704700000, 0x0000000704800000|  0%| F|  |TAMS 0x0000000704700000, 0x0000000704700000| Untracked 
|  56|0x0000000704800000, 0x0000000704800000, 0x0000000704900000|  0%| F|  |TAMS 0x0000000704800000, 0x0000000704800000| Untracked 
|  57|0x0000000704900000, 0x0000000704900000, 0x0000000704a00000|  0%| F|  |TAMS 0x0000000704900000, 0x0000000704900000| Untracked 
|  58|0x0000000704a00000, 0x0000000704a00000, 0x0000000704b00000|  0%| F|  |TAMS 0x0000000704a00000, 0x0000000704a00000| Untracked 
|  59|0x0000000704b00000, 0x0000000704b00000, 0x0000000704c00000|  0%| F|  |TAMS 0x0000000704b00000, 0x0000000704b00000| Untracked 
|  60|0x0000000704c00000, 0x0000000704c00000, 0x0000000704d00000|  0%| F|  |TAMS 0x0000000704c00000, 0x0000000704c00000| Untracked 
|  61|0x0000000704d00000, 0x0000000704d00000, 0x0000000704e00000|  0%| F|  |TAMS 0x0000000704d00000, 0x0000000704d00000| Untracked 
|  62|0x0000000704e00000, 0x0000000704e00000, 0x0000000704f00000|  0%| F|  |TAMS 0x0000000704e00000, 0x0000000704e00000| Untracked 
|  63|0x0000000704f00000, 0x0000000704f00000, 0x0000000705000000|  0%| F|  |TAMS 0x0000000704f00000, 0x0000000704f00000| Untracked 
|  64|0x0000000705000000, 0x0000000705000000, 0x0000000705100000|  0%| F|  |TAMS 0x0000000705000000, 0x0000000705000000| Untracked 
|  65|0x0000000705100000, 0x0000000705100000, 0x0000000705200000|  0%| F|  |TAMS 0x0000000705100000, 0x0000000705100000| Untracked 
|  66|0x0000000705200000, 0x0000000705200000, 0x0000000705300000|  0%| F|  |TAMS 0x0000000705200000, 0x0000000705200000| Untracked 
|  67|0x0000000705300000, 0x0000000705300000, 0x0000000705400000|  0%| F|  |TAMS 0x0000000705300000, 0x0000000705300000| Untracked 
|  68|0x0000000705400000, 0x0000000705400000, 0x0000000705500000|  0%| F|  |TAMS 0x0000000705400000, 0x0000000705400000| Untracked 
|  69|0x0000000705500000, 0x0000000705500000, 0x0000000705600000|  0%| F|  |TAMS 0x0000000705500000, 0x0000000705500000| Untracked 
|  70|0x0000000705600000, 0x0000000705600000, 0x0000000705700000|  0%| F|  |TAMS 0x0000000705600000, 0x0000000705600000| Untracked 
|  71|0x0000000705700000, 0x0000000705700000, 0x0000000705800000|  0%| F|  |TAMS 0x0000000705700000, 0x0000000705700000| Untracked 
|  72|0x0000000705800000, 0x0000000705800000, 0x0000000705900000|  0%| F|  |TAMS 0x0000000705800000, 0x0000000705800000| Untracked 
|  73|0x0000000705900000, 0x0000000705900000, 0x0000000705a00000|  0%| F|  |TAMS 0x0000000705900000, 0x0000000705900000| Untracked 
|  74|0x0000000705a00000, 0x0000000705a00000, 0x0000000705b00000|  0%| F|  |TAMS 0x0000000705a00000, 0x0000000705a00000| Untracked 
|  75|0x0000000705b00000, 0x0000000705b00000, 0x0000000705c00000|  0%| F|  |TAMS 0x0000000705b00000, 0x0000000705b00000| Untracked 
|  76|0x0000000705c00000, 0x0000000705c00000, 0x0000000705d00000|  0%| F|  |TAMS 0x0000000705c00000, 0x0000000705c00000| Untracked 
|  77|0x0000000705d00000, 0x0000000705d00000, 0x0000000705e00000|  0%| F|  |TAMS 0x0000000705d00000, 0x0000000705d00000| Untracked 
|  78|0x0000000705e00000, 0x0000000705e00000, 0x0000000705f00000|  0%| F|  |TAMS 0x0000000705e00000, 0x0000000705e00000| Untracked 
|  79|0x0000000705f00000, 0x0000000705f00000, 0x0000000706000000|  0%| F|  |TAMS 0x0000000705f00000, 0x0000000705f00000| Untracked 
|  80|0x0000000706000000, 0x0000000706000000, 0x0000000706100000|  0%| F|  |TAMS 0x0000000706000000, 0x0000000706000000| Untracked 
|  81|0x0000000706100000, 0x0000000706100000, 0x0000000706200000|  0%| F|  |TAMS 0x0000000706100000, 0x0000000706100000| Untracked 
|  82|0x0000000706200000, 0x0000000706200000, 0x0000000706300000|  0%| F|  |TAMS 0x0000000706200000, 0x0000000706200000| Untracked 
|  83|0x0000000706300000, 0x0000000706300000, 0x0000000706400000|  0%| F|  |TAMS 0x0000000706300000, 0x0000000706300000| Untracked 
|  84|0x0000000706400000, 0x0000000706400000, 0x0000000706500000|  0%| F|  |TAMS 0x0000000706400000, 0x0000000706400000| Untracked 
|  85|0x0000000706500000, 0x0000000706500000, 0x0000000706600000|  0%| F|  |TAMS 0x0000000706500000, 0x0000000706500000| Untracked 
|  86|0x0000000706600000, 0x0000000706600000, 0x0000000706700000|  0%| F|  |TAMS 0x0000000706600000, 0x0000000706600000| Untracked 
|  87|0x0000000706700000, 0x0000000706700000, 0x0000000706800000|  0%| F|  |TAMS 0x0000000706700000, 0x0000000706700000| Untracked 
|  88|0x0000000706800000, 0x0000000706800000, 0x0000000706900000|  0%| F|  |TAMS 0x0000000706800000, 0x0000000706800000| Untracked 
|  89|0x0000000706900000, 0x0000000706900000, 0x0000000706a00000|  0%| F|  |TAMS 0x0000000706900000, 0x0000000706900000| Untracked 
|  90|0x0000000706a00000, 0x0000000706a00000, 0x0000000706b00000|  0%| F|  |TAMS 0x0000000706a00000, 0x0000000706a00000| Untracked 
|  91|0x0000000706b00000, 0x0000000706b00000, 0x0000000706c00000|  0%| F|  |TAMS 0x0000000706b00000, 0x0000000706b00000| Untracked 
|  92|0x0000000706c00000, 0x0000000706c00000, 0x0000000706d00000|  0%| F|  |TAMS 0x0000000706c00000, 0x0000000706c00000| Untracked 
|  93|0x0000000706d00000, 0x0000000706d00000, 0x0000000706e00000|  0%| F|  |TAMS 0x0000000706d00000, 0x0000000706d00000| Untracked 
|  94|0x0000000706e00000, 0x0000000706e00000, 0x0000000706f00000|  0%| F|  |TAMS 0x0000000706e00000, 0x0000000706e00000| Untracked 
|  95|0x0000000706f00000, 0x0000000706f00000, 0x0000000707000000|  0%| F|  |TAMS 0x0000000706f00000, 0x0000000706f00000| Untracked 
|  96|0x0000000707000000, 0x0000000707000000, 0x0000000707100000|  0%| F|  |TAMS 0x0000000707000000, 0x0000000707000000| Untracked 
|  97|0x0000000707100000, 0x0000000707100000, 0x0000000707200000|  0%| F|  |TAMS 0x0000000707100000, 0x0000000707100000| Untracked 
|  98|0x0000000707200000, 0x0000000707200000, 0x0000000707300000|  0%| F|  |TAMS 0x0000000707200000, 0x0000000707200000| Untracked 
|  99|0x0000000707300000, 0x0000000707300000, 0x0000000707400000|  0%| F|  |TAMS 0x0000000707300000, 0x0000000707300000| Untracked 
| 100|0x0000000707400000, 0x0000000707400000, 0x0000000707500000|  0%| F|  |TAMS 0x0000000707400000, 0x0000000707400000| Untracked 
| 101|0x0000000707500000, 0x0000000707500000, 0x0000000707600000|  0%| F|  |TAMS 0x0000000707500000, 0x0000000707500000| Untracked 
| 102|0x0000000707600000, 0x0000000707600000, 0x0000000707700000|  0%| F|  |TAMS 0x0000000707600000, 0x0000000707600000| Untracked 
| 103|0x0000000707700000, 0x0000000707700000, 0x0000000707800000|  0%| F|  |TAMS 0x0000000707700000, 0x0000000707700000| Untracked 
| 104|0x0000000707800000, 0x0000000707800000, 0x0000000707900000|  0%| F|  |TAMS 0x0000000707800000, 0x0000000707800000| Untracked 
| 105|0x0000000707900000, 0x0000000707900000, 0x0000000707a00000|  0%| F|  |TAMS 0x0000000707900000, 0x0000000707900000| Untracked 
| 106|0x0000000707a00000, 0x0000000707a00000, 0x0000000707b00000|  0%| F|  |TAMS 0x0000000707a00000, 0x0000000707a00000| Untracked 
| 107|0x0000000707b00000, 0x0000000707b00000, 0x0000000707c00000|  0%| F|  |TAMS 0x0000000707b00000, 0x0000000707b00000| Untracked 
| 108|0x0000000707c00000, 0x0000000707c00000, 0x0000000707d00000|  0%| F|  |TAMS 0x0000000707c00000, 0x0000000707c00000| Untracked 
| 109|0x0000000707d00000, 0x0000000707d00000, 0x0000000707e00000|  0%| F|  |TAMS 0x0000000707d00000, 0x0000000707d00000| Untracked 
| 110|0x0000000707e00000, 0x0000000707e00000, 0x0000000707f00000|  0%| F|  |TAMS 0x0000000707e00000, 0x0000000707e00000| Untracked 
| 111|0x0000000707f00000, 0x0000000707f00000, 0x0000000708000000|  0%| F|  |TAMS 0x0000000707f00000, 0x0000000707f00000| Untracked 
| 112|0x0000000708000000, 0x0000000708000000, 0x0000000708100000|  0%| F|  |TAMS 0x0000000708000000, 0x0000000708000000| Untracked 
| 113|0x0000000708100000, 0x0000000708100000, 0x0000000708200000|  0%| F|  |TAMS 0x0000000708100000, 0x0000000708100000| Untracked 
| 114|0x0000000708200000, 0x0000000708200000, 0x0000000708300000|  0%| F|  |TAMS 0x0000000708200000, 0x0000000708200000| Untracked 
| 115|0x0000000708300000, 0x0000000708300000, 0x0000000708400000|  0%| F|  |TAMS 0x0000000708300000, 0x0000000708300000| Untracked 
| 116|0x0000000708400000, 0x0000000708400000, 0x0000000708500000|  0%| F|  |TAMS 0x0000000708400000, 0x0000000708400000| Untracked 
| 117|0x0000000708500000, 0x0000000708500000, 0x0000000708600000|  0%| F|  |TAMS 0x0000000708500000, 0x0000000708500000| Untracked 
| 118|0x0000000708600000, 0x0000000708600000, 0x0000000708700000|  0%| F|  |TAMS 0x0000000708600000, 0x0000000708600000| Untracked 
| 119|0x0000000708700000, 0x0000000708700000, 0x0000000708800000|  0%| F|  |TAMS 0x0000000708700000, 0x0000000708700000| Untracked 
| 120|0x0000000708800000, 0x0000000708800000, 0x0000000708900000|  0%| F|  |TAMS 0x0000000708800000, 0x0000000708800000| Untracked 
| 121|0x0000000708900000, 0x0000000708900000, 0x0000000708a00000|  0%| F|  |TAMS 0x0000000708900000, 0x0000000708900000| Untracked 
| 122|0x0000000708a00000, 0x0000000708a00000, 0x0000000708b00000|  0%| F|  |TAMS 0x0000000708a00000, 0x0000000708a00000| Untracked 
| 123|0x0000000708b00000, 0x0000000708b00000, 0x0000000708c00000|  0%| F|  |TAMS 0x0000000708b00000, 0x0000000708b00000| Untracked 
| 124|0x0000000708c00000, 0x0000000708c00000, 0x0000000708d00000|  0%| F|  |TAMS 0x0000000708c00000, 0x0000000708c00000| Untracked 
| 125|0x0000000708d00000, 0x0000000708d00000, 0x0000000708e00000|  0%| F|  |TAMS 0x0000000708d00000, 0x0000000708d00000| Untracked 
| 126|0x0000000708e00000, 0x0000000708e00000, 0x0000000708f00000|  0%| F|  |TAMS 0x0000000708e00000, 0x0000000708e00000| Untracked 
| 127|0x0000000708f00000, 0x0000000708f00000, 0x0000000709000000|  0%| F|  |TAMS 0x0000000708f00000, 0x0000000708f00000| Untracked 
| 128|0x0000000709000000, 0x0000000709000000, 0x0000000709100000|  0%| F|  |TAMS 0x0000000709000000, 0x0000000709000000| Untracked 
| 129|0x0000000709100000, 0x0000000709100000, 0x0000000709200000|  0%| F|  |TAMS 0x0000000709100000, 0x0000000709100000| Untracked 
| 130|0x0000000709200000, 0x0000000709200000, 0x0000000709300000|  0%| F|  |TAMS 0x0000000709200000, 0x0000000709200000| Untracked 
| 131|0x0000000709300000, 0x0000000709300000, 0x0000000709400000|  0%| F|  |TAMS 0x0000000709300000, 0x0000000709300000| Untracked 
| 132|0x0000000709400000, 0x0000000709400000, 0x0000000709500000|  0%| F|  |TAMS 0x0000000709400000, 0x0000000709400000| Untracked 
| 133|0x0000000709500000, 0x0000000709500000, 0x0000000709600000|  0%| F|  |TAMS 0x0000000709500000, 0x0000000709500000| Untracked 
| 134|0x0000000709600000, 0x0000000709600000, 0x0000000709700000|  0%| F|  |TAMS 0x0000000709600000, 0x0000000709600000| Untracked 
| 135|0x0000000709700000, 0x0000000709700000, 0x0000000709800000|  0%| F|  |TAMS 0x0000000709700000, 0x0000000709700000| Untracked 
| 136|0x0000000709800000, 0x0000000709800000, 0x0000000709900000|  0%| F|  |TAMS 0x0000000709800000, 0x0000000709800000| Untracked 
| 137|0x0000000709900000, 0x0000000709900000, 0x0000000709a00000|  0%| F|  |TAMS 0x0000000709900000, 0x0000000709900000| Untracked 
| 138|0x0000000709a00000, 0x0000000709a00000, 0x0000000709b00000|  0%| F|  |TAMS 0x0000000709a00000, 0x0000000709a00000| Untracked 
| 139|0x0000000709b00000, 0x0000000709b00000, 0x0000000709c00000|  0%| F|  |TAMS 0x0000000709b00000, 0x0000000709b00000| Untracked 
| 140|0x0000000709c00000, 0x0000000709c00000, 0x0000000709d00000|  0%| F|  |TAMS 0x0000000709c00000, 0x0000000709c00000| Untracked 
| 141|0x0000000709d00000, 0x0000000709d00000, 0x0000000709e00000|  0%| F|  |TAMS 0x0000000709d00000, 0x0000000709d00000| Untracked 
| 142|0x0000000709e00000, 0x0000000709e00000, 0x0000000709f00000|  0%| F|  |TAMS 0x0000000709e00000, 0x0000000709e00000| Untracked 
| 143|0x0000000709f00000, 0x0000000709f00000, 0x000000070a000000|  0%| F|  |TAMS 0x0000000709f00000, 0x0000000709f00000| Untracked 
| 144|0x000000070a000000, 0x000000070a000000, 0x000000070a100000|  0%| F|  |TAMS 0x000000070a000000, 0x000000070a000000| Untracked 
| 145|0x000000070a100000, 0x000000070a100000, 0x000000070a200000|  0%| F|  |TAMS 0x000000070a100000, 0x000000070a100000| Untracked 
| 146|0x000000070a200000, 0x000000070a200000, 0x000000070a300000|  0%| F|  |TAMS 0x000000070a200000, 0x000000070a200000| Untracked 
| 147|0x000000070a300000, 0x000000070a300000, 0x000000070a400000|  0%| F|  |TAMS 0x000000070a300000, 0x000000070a300000| Untracked 
| 148|0x000000070a400000, 0x000000070a400000, 0x000000070a500000|  0%| F|  |TAMS 0x000000070a400000, 0x000000070a400000| Untracked 
| 149|0x000000070a500000, 0x000000070a500000, 0x000000070a600000|  0%| F|  |TAMS 0x000000070a500000, 0x000000070a500000| Untracked 
| 150|0x000000070a600000, 0x000000070a600000, 0x000000070a700000|  0%| F|  |TAMS 0x000000070a600000, 0x000000070a600000| Untracked 
| 151|0x000000070a700000, 0x000000070a700000, 0x000000070a800000|  0%| F|  |TAMS 0x000000070a700000, 0x000000070a700000| Untracked 
| 152|0x000000070a800000, 0x000000070a800000, 0x000000070a900000|  0%| F|  |TAMS 0x000000070a800000, 0x000000070a800000| Untracked 
| 153|0x000000070a900000, 0x000000070a900000, 0x000000070aa00000|  0%| F|  |TAMS 0x000000070a900000, 0x000000070a900000| Untracked 
| 154|0x000000070aa00000, 0x000000070aa00000, 0x000000070ab00000|  0%| F|  |TAMS 0x000000070aa00000, 0x000000070aa00000| Untracked 
| 155|0x000000070ab00000, 0x000000070ab00000, 0x000000070ac00000|  0%| F|  |TAMS 0x000000070ab00000, 0x000000070ab00000| Untracked 
| 156|0x000000070ac00000, 0x000000070ac00000, 0x000000070ad00000|  0%| F|  |TAMS 0x000000070ac00000, 0x000000070ac00000| Untracked 
| 157|0x000000070ad00000, 0x000000070ad00000, 0x000000070ae00000|  0%| F|  |TAMS 0x000000070ad00000, 0x000000070ad00000| Untracked 
| 158|0x000000070ae00000, 0x000000070ae00000, 0x000000070af00000|  0%| F|  |TAMS 0x000000070ae00000, 0x000000070ae00000| Untracked 
| 159|0x000000070af00000, 0x000000070af00000, 0x000000070b000000|  0%| F|  |TAMS 0x000000070af00000, 0x000000070af00000| Untracked 
| 160|0x000000070b000000, 0x000000070b000000, 0x000000070b100000|  0%| F|  |TAMS 0x000000070b000000, 0x000000070b000000| Untracked 
| 161|0x000000070b100000, 0x000000070b100000, 0x000000070b200000|  0%| F|  |TAMS 0x000000070b100000, 0x000000070b100000| Untracked 
| 162|0x000000070b200000, 0x000000070b200000, 0x000000070b300000|  0%| F|  |TAMS 0x000000070b200000, 0x000000070b200000| Untracked 
| 163|0x000000070b300000, 0x000000070b300000, 0x000000070b400000|  0%| F|  |TAMS 0x000000070b300000, 0x000000070b300000| Untracked 
| 164|0x000000070b400000, 0x000000070b400000, 0x000000070b500000|  0%| F|  |TAMS 0x000000070b400000, 0x000000070b400000| Untracked 
| 165|0x000000070b500000, 0x000000070b500000, 0x000000070b600000|  0%| F|  |TAMS 0x000000070b500000, 0x000000070b500000| Untracked 
| 166|0x000000070b600000, 0x000000070b600000, 0x000000070b700000|  0%| F|  |TAMS 0x000000070b600000, 0x000000070b600000| Untracked 
| 167|0x000000070b700000, 0x000000070b700000, 0x000000070b800000|  0%| F|  |TAMS 0x000000070b700000, 0x000000070b700000| Untracked 
| 168|0x000000070b800000, 0x000000070b800000, 0x000000070b900000|  0%| F|  |TAMS 0x000000070b800000, 0x000000070b800000| Untracked 
| 169|0x000000070b900000, 0x000000070b900000, 0x000000070ba00000|  0%| F|  |TAMS 0x000000070b900000, 0x000000070b900000| Untracked 
| 170|0x000000070ba00000, 0x000000070ba00000, 0x000000070bb00000|  0%| F|  |TAMS 0x000000070ba00000, 0x000000070ba00000| Untracked 
| 171|0x000000070bb00000, 0x000000070bb00000, 0x000000070bc00000|  0%| F|  |TAMS 0x000000070bb00000, 0x000000070bb00000| Untracked 
| 172|0x000000070bc00000, 0x000000070bc00000, 0x000000070bd00000|  0%| F|  |TAMS 0x000000070bc00000, 0x000000070bc00000| Untracked 
| 173|0x000000070bd00000, 0x000000070bd00000, 0x000000070be00000|  0%| F|  |TAMS 0x000000070bd00000, 0x000000070bd00000| Untracked 
| 174|0x000000070be00000, 0x000000070be00000, 0x000000070bf00000|  0%| F|  |TAMS 0x000000070be00000, 0x000000070be00000| Untracked 
| 175|0x000000070bf00000, 0x000000070bf00000, 0x000000070c000000|  0%| F|  |TAMS 0x000000070bf00000, 0x000000070bf00000| Untracked 
| 176|0x000000070c000000, 0x000000070c000000, 0x000000070c100000|  0%| F|  |TAMS 0x000000070c000000, 0x000000070c000000| Untracked 
| 177|0x000000070c100000, 0x000000070c100000, 0x000000070c200000|  0%| F|  |TAMS 0x000000070c100000, 0x000000070c100000| Untracked 
| 178|0x000000070c200000, 0x000000070c200000, 0x000000070c300000|  0%| F|  |TAMS 0x000000070c200000, 0x000000070c200000| Untracked 
| 179|0x000000070c300000, 0x000000070c300000, 0x000000070c400000|  0%| F|  |TAMS 0x000000070c300000, 0x000000070c300000| Untracked 
| 180|0x000000070c400000, 0x000000070c400000, 0x000000070c500000|  0%| F|  |TAMS 0x000000070c400000, 0x000000070c400000| Untracked 
| 181|0x000000070c500000, 0x000000070c500000, 0x000000070c600000|  0%| F|  |TAMS 0x000000070c500000, 0x000000070c500000| Untracked 
| 182|0x000000070c600000, 0x000000070c600000, 0x000000070c700000|  0%| F|  |TAMS 0x000000070c600000, 0x000000070c600000| Untracked 
| 183|0x000000070c700000, 0x000000070c700000, 0x000000070c800000|  0%| F|  |TAMS 0x000000070c700000, 0x000000070c700000| Untracked 
| 184|0x000000070c800000, 0x000000070c800000, 0x000000070c900000|  0%| F|  |TAMS 0x000000070c800000, 0x000000070c800000| Untracked 
| 185|0x000000070c900000, 0x000000070c900000, 0x000000070ca00000|  0%| F|  |TAMS 0x000000070c900000, 0x000000070c900000| Untracked 
| 186|0x000000070ca00000, 0x000000070ca00000, 0x000000070cb00000|  0%| F|  |TAMS 0x000000070ca00000, 0x000000070ca00000| Untracked 
| 187|0x000000070cb00000, 0x000000070cb00000, 0x000000070cc00000|  0%| F|  |TAMS 0x000000070cb00000, 0x000000070cb00000| Untracked 
| 188|0x000000070cc00000, 0x000000070cc00000, 0x000000070cd00000|  0%| F|  |TAMS 0x000000070cc00000, 0x000000070cc00000| Untracked 
| 189|0x000000070cd00000, 0x000000070cd00000, 0x000000070ce00000|  0%| F|  |TAMS 0x000000070cd00000, 0x000000070cd00000| Untracked 
| 190|0x000000070ce00000, 0x000000070ce00000, 0x000000070cf00000|  0%| F|  |TAMS 0x000000070ce00000, 0x000000070ce00000| Untracked 
| 191|0x000000070cf00000, 0x000000070cf00000, 0x000000070d000000|  0%| F|  |TAMS 0x000000070cf00000, 0x000000070cf00000| Untracked 
| 192|0x000000070d000000, 0x000000070d000000, 0x000000070d100000|  0%| F|  |TAMS 0x000000070d000000, 0x000000070d000000| Untracked 
| 193|0x000000070d100000, 0x000000070d100000, 0x000000070d200000|  0%| F|  |TAMS 0x000000070d100000, 0x000000070d100000| Untracked 
| 194|0x000000070d200000, 0x000000070d200000, 0x000000070d300000|  0%| F|  |TAMS 0x000000070d200000, 0x000000070d200000| Untracked 
| 195|0x000000070d300000, 0x000000070d300000, 0x000000070d400000|  0%| F|  |TAMS 0x000000070d300000, 0x000000070d300000| Untracked 
| 196|0x000000070d400000, 0x000000070d400000, 0x000000070d500000|  0%| F|  |TAMS 0x000000070d400000, 0x000000070d400000| Untracked 
| 197|0x000000070d500000, 0x000000070d500000, 0x000000070d600000|  0%| F|  |TAMS 0x000000070d500000, 0x000000070d500000| Untracked 
| 198|0x000000070d600000, 0x000000070d600000, 0x000000070d700000|  0%| F|  |TAMS 0x000000070d600000, 0x000000070d600000| Untracked 
| 199|0x000000070d700000, 0x000000070d700000, 0x000000070d800000|  0%| F|  |TAMS 0x000000070d700000, 0x000000070d700000| Untracked 
| 200|0x000000070d800000, 0x000000070d800000, 0x000000070d900000|  0%| F|  |TAMS 0x000000070d800000, 0x000000070d800000| Untracked 
| 201|0x000000070d900000, 0x000000070d900000, 0x000000070da00000|  0%| F|  |TAMS 0x000000070d900000, 0x000000070d900000| Untracked 
| 202|0x000000070da00000, 0x000000070da00000, 0x000000070db00000|  0%| F|  |TAMS 0x000000070da00000, 0x000000070da00000| Untracked 
| 203|0x000000070db00000, 0x000000070db00000, 0x000000070dc00000|  0%| F|  |TAMS 0x000000070db00000, 0x000000070db00000| Untracked 
| 204|0x000000070dc00000, 0x000000070dc00000, 0x000000070dd00000|  0%| F|  |TAMS 0x000000070dc00000, 0x000000070dc00000| Untracked 
| 205|0x000000070dd00000, 0x000000070dd00000, 0x000000070de00000|  0%| F|  |TAMS 0x000000070dd00000, 0x000000070dd00000| Untracked 
| 206|0x000000070de00000, 0x000000070de00000, 0x000000070df00000|  0%| F|  |TAMS 0x000000070de00000, 0x000000070de00000| Untracked 
| 207|0x000000070df00000, 0x000000070df00000, 0x000000070e000000|  0%| F|  |TAMS 0x000000070df00000, 0x000000070df00000| Untracked 
| 208|0x000000070e000000, 0x000000070e000000, 0x000000070e100000|  0%| F|  |TAMS 0x000000070e000000, 0x000000070e000000| Untracked 
| 209|0x000000070e100000, 0x000000070e14c3a8, 0x000000070e200000| 29%| S|CS|TAMS 0x000000070e100000, 0x000000070e100000| Complete 
| 210|0x000000070e200000, 0x000000070e300000, 0x000000070e300000|100%| S|CS|TAMS 0x000000070e200000, 0x000000070e200000| Complete 
| 211|0x000000070e300000, 0x000000070e400000, 0x000000070e400000|100%| S|CS|TAMS 0x000000070e300000, 0x000000070e300000| Complete 
| 212|0x000000070e400000, 0x000000070e400000, 0x000000070e500000|  0%| F|  |TAMS 0x000000070e400000, 0x000000070e400000| Untracked 
| 213|0x000000070e500000, 0x000000070e500000, 0x000000070e600000|  0%| F|  |TAMS 0x000000070e500000, 0x000000070e500000| Untracked 
| 214|0x000000070e600000, 0x000000070e600000, 0x000000070e700000|  0%| F|  |TAMS 0x000000070e600000, 0x000000070e600000| Untracked 
| 215|0x000000070e700000, 0x000000070e700000, 0x000000070e800000|  0%| F|  |TAMS 0x000000070e700000, 0x000000070e700000| Untracked 
| 216|0x000000070e800000, 0x000000070e800000, 0x000000070e900000|  0%| F|  |TAMS 0x000000070e800000, 0x000000070e800000| Untracked 
| 217|0x000000070e900000, 0x000000070e900000, 0x000000070ea00000|  0%| F|  |TAMS 0x000000070e900000, 0x000000070e900000| Untracked 
| 218|0x000000070ea00000, 0x000000070ea00000, 0x000000070eb00000|  0%| F|  |TAMS 0x000000070ea00000, 0x000000070ea00000| Untracked 
| 219|0x000000070eb00000, 0x000000070eb00000, 0x000000070ec00000|  0%| F|  |TAMS 0x000000070eb00000, 0x000000070eb00000| Untracked 
| 220|0x000000070ec00000, 0x000000070ec00000, 0x000000070ed00000|  0%| F|  |TAMS 0x000000070ec00000, 0x000000070ec00000| Untracked 
| 221|0x000000070ed00000, 0x000000070ed00000, 0x000000070ee00000|  0%| F|  |TAMS 0x000000070ed00000, 0x000000070ed00000| Untracked 
| 222|0x000000070ee00000, 0x000000070ee00000, 0x000000070ef00000|  0%| F|  |TAMS 0x000000070ee00000, 0x000000070ee00000| Untracked 
| 223|0x000000070ef00000, 0x000000070ef00000, 0x000000070f000000|  0%| F|  |TAMS 0x000000070ef00000, 0x000000070ef00000| Untracked 
| 224|0x000000070f000000, 0x000000070f000000, 0x000000070f100000|  0%| F|  |TAMS 0x000000070f000000, 0x000000070f000000| Untracked 
| 225|0x000000070f100000, 0x000000070f100000, 0x000000070f200000|  0%| F|  |TAMS 0x000000070f100000, 0x000000070f100000| Untracked 
| 226|0x000000070f200000, 0x000000070f200000, 0x000000070f300000|  0%| F|  |TAMS 0x000000070f200000, 0x000000070f200000| Untracked 
| 227|0x000000070f300000, 0x000000070f300000, 0x000000070f400000|  0%| F|  |TAMS 0x000000070f300000, 0x000000070f300000| Untracked 
| 228|0x000000070f400000, 0x000000070f400000, 0x000000070f500000|  0%| F|  |TAMS 0x000000070f400000, 0x000000070f400000| Untracked 
| 229|0x000000070f500000, 0x000000070f500000, 0x000000070f600000|  0%| F|  |TAMS 0x000000070f500000, 0x000000070f500000| Untracked 
| 230|0x000000070f600000, 0x000000070f600000, 0x000000070f700000|  0%| F|  |TAMS 0x000000070f600000, 0x000000070f600000| Untracked 
| 231|0x000000070f700000, 0x000000070f700000, 0x000000070f800000|  0%| F|  |TAMS 0x000000070f700000, 0x000000070f700000| Untracked 
| 232|0x000000070f800000, 0x000000070f800000, 0x000000070f900000|  0%| F|  |TAMS 0x000000070f800000, 0x000000070f800000| Untracked 
| 233|0x000000070f900000, 0x000000070f900000, 0x000000070fa00000|  0%| F|  |TAMS 0x000000070f900000, 0x000000070f900000| Untracked 
| 234|0x000000070fa00000, 0x000000070fa00000, 0x000000070fb00000|  0%| F|  |TAMS 0x000000070fa00000, 0x000000070fa00000| Untracked 
| 235|0x000000070fb00000, 0x000000070fb00000, 0x000000070fc00000|  0%| F|  |TAMS 0x000000070fb00000, 0x000000070fb00000| Untracked 
| 236|0x000000070fc00000, 0x000000070fc00000, 0x000000070fd00000|  0%| F|  |TAMS 0x000000070fc00000, 0x000000070fc00000| Untracked 
| 237|0x000000070fd00000, 0x000000070fd00000, 0x000000070fe00000|  0%| F|  |TAMS 0x000000070fd00000, 0x000000070fd00000| Untracked 
| 238|0x000000070fe00000, 0x000000070fe00000, 0x000000070ff00000|  0%| F|  |TAMS 0x000000070fe00000, 0x000000070fe00000| Untracked 
| 239|0x000000070ff00000, 0x000000070ff00000, 0x0000000710000000|  0%| F|  |TAMS 0x000000070ff00000, 0x000000070ff00000| Untracked 
| 240|0x0000000710000000, 0x0000000710000000, 0x0000000710100000|  0%| F|  |TAMS 0x0000000710000000, 0x0000000710000000| Untracked 
| 241|0x0000000710100000, 0x0000000710100000, 0x0000000710200000|  0%| F|  |TAMS 0x0000000710100000, 0x0000000710100000| Untracked 
| 242|0x0000000710200000, 0x0000000710200000, 0x0000000710300000|  0%| F|  |TAMS 0x0000000710200000, 0x0000000710200000| Untracked 
| 243|0x0000000710300000, 0x0000000710300000, 0x0000000710400000|  0%| F|  |TAMS 0x0000000710300000, 0x0000000710300000| Untracked 
| 244|0x0000000710400000, 0x0000000710400000, 0x0000000710500000|  0%| F|  |TAMS 0x0000000710400000, 0x0000000710400000| Untracked 
| 245|0x0000000710500000, 0x0000000710500000, 0x0000000710600000|  0%| F|  |TAMS 0x0000000710500000, 0x0000000710500000| Untracked 
| 246|0x0000000710600000, 0x0000000710600000, 0x0000000710700000|  0%| F|  |TAMS 0x0000000710600000, 0x0000000710600000| Untracked 
| 247|0x0000000710700000, 0x0000000710700000, 0x0000000710800000|  0%| F|  |TAMS 0x0000000710700000, 0x0000000710700000| Untracked 
| 248|0x0000000710800000, 0x0000000710800000, 0x0000000710900000|  0%| F|  |TAMS 0x0000000710800000, 0x0000000710800000| Untracked 
| 249|0x0000000710900000, 0x0000000710900000, 0x0000000710a00000|  0%| F|  |TAMS 0x0000000710900000, 0x0000000710900000| Untracked 
| 250|0x0000000710a00000, 0x0000000710a00000, 0x0000000710b00000|  0%| F|  |TAMS 0x0000000710a00000, 0x0000000710a00000| Untracked 
| 251|0x0000000710b00000, 0x0000000710b00000, 0x0000000710c00000|  0%| F|  |TAMS 0x0000000710b00000, 0x0000000710b00000| Untracked 
| 252|0x0000000710c00000, 0x0000000710c00000, 0x0000000710d00000|  0%| F|  |TAMS 0x0000000710c00000, 0x0000000710c00000| Untracked 
| 253|0x0000000710d00000, 0x0000000710d00000, 0x0000000710e00000|  0%| F|  |TAMS 0x0000000710d00000, 0x0000000710d00000| Untracked 
| 254|0x0000000710e00000, 0x0000000710eda4f0, 0x0000000710f00000| 85%| E|  |TAMS 0x0000000710e00000, 0x0000000710e00000| Complete 
| 255|0x0000000710f00000, 0x0000000711000000, 0x0000000711000000|100%| E|CS|TAMS 0x0000000710f00000, 0x0000000710f00000| Complete 

Card table byte_map: [0x00000219fe9e0000,0x00000219ff1e0000] _byte_map_base: 0x00000219fb1d8000

Marking Bits (Prev, Next): (CMBitMap*) 0x00000219fde292c0, (CMBitMap*) 0x00000219fde29288
 Prev Bits: [0x000002199b3a0000, 0x000002199f360000)
 Next Bits: [0x00000219973e0000, 0x000002199b3a0000)

Polling page: 0x00000219fbd90000

Metaspace:

Usage:
  Non-class:     26.33 MB capacity,    26.04 MB ( 99%) used,   232.87 KB ( <1%) free+waste,    66.25 KB ( <1%) overhead. 
      Class:      3.43 MB capacity,     3.18 MB ( 93%) used,   217.26 KB (  6%) free+waste,    32.00 KB ( <1%) overhead. 
       Both:     29.75 MB capacity,    29.22 MB ( 98%) used,   450.13 KB (  1%) free+waste,    98.25 KB ( <1%) overhead. 

Virtual space:
  Non-class space:       28.00 MB reserved,      26.50 MB ( 95%) committed 
      Class space:        1.00 GB reserved,       3.50 MB ( <1%) committed 
             Both:        1.03 GB reserved,      30.00 MB (  3%) committed 

Chunk freelists:
   Non-Class:  6.13 KB
       Class:  1.50 KB
        Both:  7.63 KB

CodeHeap 'non-profiled nmethods': size=120000Kb used=2404Kb max_used=2404Kb free=117595Kb
 bounds [0x000002198feb0000, 0x0000021990120000, 0x00000219973e0000]
CodeHeap 'profiled nmethods': size=120000Kb used=7940Kb max_used=7940Kb free=112059Kb
 bounds [0x0000021988980000, 0x0000021989150000, 0x000002198feb0000]
CodeHeap 'non-nmethods': size=5760Kb used=1317Kb max_used=1377Kb free=4442Kb
 bounds [0x00000219883e0000, 0x0000021988650000, 0x0000021988980000]
 total_blobs=4445 nmethods=3723 adapters=633
 compilation: enabled
              stopped_count=0, restarted_count=0
 full_count=0

Compilation events (10 events):
Event: 30.440 Thread 0x00000219a199c000 nmethod 3728 0x0000021990103710 code [0x0000021990103a00, 0x00000219901058a0]
Event: 30.440 Thread 0x00000219a199c000 3729   !   4       sun.swing.SwingUtilities2::drawString (458 bytes)
Event: 30.451 Thread 0x00000219a199c000 nmethod 3729 0x0000021990107090 code [0x00000219901072e0, 0x0000021990108380]
Event: 30.541 Thread 0x00000219a2286000 3730       3       javax.swing.GroupLayout$ComponentSpring::calculateNonlinkedMinimumSize (71 bytes)
Event: 30.542 Thread 0x00000219a2286000 nmethod 3730 0x000002198913cf10 code [0x000002198913d100, 0x000002198913d5c8]
Event: 30.542 Thread 0x00000219a2286000 3731       3       javax.swing.GroupLayout$ComponentSpring::calculateNonlinkedMaximumSize (71 bytes)
Event: 30.543 Thread 0x00000219a2286000 nmethod 3731 0x000002198913d790 code [0x000002198913d980, 0x000002198913de48]
Event: 30.546 Thread 0x00000219a2286000 3732       1       javax.swing.AbstractButton::isBorderPainted (5 bytes)
Event: 30.546 Thread 0x00000219a2286000 nmethod 3732 0x0000021990109010 code [0x00000219901091a0, 0x0000021990109258]
Event: 30.559 Thread 0x00000219a2286000 3733       3       jdk.internal.ref.PhantomCleanable::clean (16 bytes)

GC Heap History (6 events):
Event: 2.316 GC heap before
{Heap before GC invocations=0 (full 0):
 garbage-first heap   total 262144K, used 13312K [0x0000000701000000, 0x0000000800000000)
  region size 1024K, 15 young (15360K), 0 survivors (0K)
 Metaspace       used 20729K, capacity 21185K, committed 21248K, reserved 1069056K
  class space    used 2334K, capacity 2553K, committed 2560K, reserved 1048576K
}
Event: 2.322 GC heap after
{Heap after GC invocations=1 (full 0):
 garbage-first heap   total 262144K, used 4385K [0x0000000701000000, 0x0000000800000000)
  region size 1024K, 3 young (3072K), 3 survivors (3072K)
 Metaspace       used 20729K, capacity 21185K, committed 21248K, reserved 1069056K
  class space    used 2334K, capacity 2553K, committed 2560K, reserved 1048576K
}
Event: 2.934 GC heap before
{Heap before GC invocations=2 (full 0):
 garbage-first heap   total 262144K, used 13601K [0x0000000701000000, 0x0000000800000000)
  region size 1024K, 12 young (12288K), 3 survivors (3072K)
 Metaspace       used 23641K, capacity 24214K, committed 24444K, reserved 1071104K
  class space    used 2627K, capacity 2854K, committed 2940K, reserved 1048576K
}
Event: 2.939 GC heap after
{Heap after GC invocations=3 (full 0):
 garbage-first heap   total 262144K, used 5916K [0x0000000701000000, 0x0000000800000000)
  region size 1024K, 2 young (2048K), 2 survivors (2048K)
 Metaspace       used 23641K, capacity 24214K, committed 24444K, reserved 1071104K
  class space    used 2627K, capacity 2854K, committed 2940K, reserved 1048576K
}
Event: 30.548 GC heap before
{Heap before GC invocations=3 (full 0):
 garbage-first heap   total 262144K, used 48924K [0x0000000701000000, 0x0000000800000000)
  region size 1024K, 44 young (45056K), 2 survivors (2048K)
 Metaspace       used 29914K, capacity 30467K, committed 30716K, reserved 1077248K
  class space    used 3258K, capacity 3508K, committed 3580K, reserved 1048576K
}
Event: 30.557 GC heap after
{Heap after GC invocations=4 (full 0):
 garbage-first heap   total 262144K, used 6781K [0x0000000701000000, 0x0000000800000000)
  region size 1024K, 3 young (3072K), 3 survivors (3072K)
 Metaspace       used 29914K, capacity 30467K, committed 30716K, reserved 1077248K
  class space    used 3258K, capacity 3508K, committed 3580K, reserved 1048576K
}

Deoptimization events (10 events):
Event: 17.341 Thread 0x00000219a41e1000 Uncommon trap: reason=unstable_if action=reinterpret pc=0x0000021990046978 method=java.awt.geom.AffineTransform.transform([DI[DII)V @ 41 c2
Event: 19.222 Thread 0x00000219a41e1000 Uncommon trap: reason=unstable_if action=reinterpret pc=0x000002199004d958 method=sun.java2d.pipe.Region.isInsideXYXY(IIII)Z @ 30 c2
Event: 19.224 Thread 0x00000219a41e1000 Uncommon trap: reason=unstable_if action=reinterpret pc=0x00000219900420dc method=sun.java2d.pipe.Region.isInsideXYXY(IIII)Z @ 30 c2
Event: 19.226 Thread 0x00000219a41e1000 Uncommon trap: reason=unstable_if action=reinterpret pc=0x000002199005447c method=java.awt.geom.AffineTransform.scale(DD)V @ 8 c2
Event: 19.248 Thread 0x00000219a41e1000 Uncommon trap: reason=unstable_if action=reinterpret pc=0x0000021990045088 method=java.awt.geom.AffineTransform.scale(DD)V @ 8 c2
Event: 21.852 Thread 0x00000219a41e1000 Uncommon trap: reason=speculate_class_check action=maybe_recompile pc=0x00000219900c3bb8 method=javax.swing.JComponent.paint(Ljava/awt/Graphics;)V @ 286 c2
Event: 21.853 Thread 0x00000219a41e1000 Uncommon trap: reason=speculate_class_check action=maybe_recompile pc=0x00000219900c3bb8 method=javax.swing.JComponent.paint(Ljava/awt/Graphics;)V @ 286 c2
Event: 21.860 Thread 0x00000219a41e1000 Uncommon trap: reason=speculate_class_check action=maybe_recompile pc=0x00000219900c3bb8 method=javax.swing.JComponent.paint(Ljava/awt/Graphics;)V @ 286 c2
Event: 21.860 Thread 0x00000219a41e1000 Uncommon trap: reason=speculate_class_check action=maybe_recompile pc=0x00000219900c3bb8 method=javax.swing.JComponent.paint(Ljava/awt/Graphics;)V @ 286 c2
Event: 25.812 Thread 0x00000219a41e1000 Uncommon trap: reason=unstable_if action=reinterpret pc=0x00000219900d3fe8 method=sun.swing.SwingUtilities2.getLeftSideBearing(Ljavax/swing/JComponent;Ljava/awt/FontMetrics;C)I @ 5 c2

Classes redefined (0 events):
No events

Internal exceptions (10 events):
Event: 2.297 Thread 0x00000219a41e1000 Exception <a 'java/lang/NoSuchMethodError'{0x00000007101206f0}: java.lang.invoke.DirectMethodHandle$Holder.invokeStatic(Ljava/lang/Object;IIII)Ljava/lang/Object;> (0x00000007101206f0) thrown at [./open/src/hotspot/share/interpreter/linkResolver.cpp, line 
Event: 2.297 Thread 0x00000219a41e1000 Exception <a 'java/lang/NoSuchMethodError'{0x0000000710123ab0}: java.lang.invoke.DirectMethodHandle$Holder.invokeStaticInit(Ljava/lang/Object;IIII)Ljava/lang/Object;> (0x0000000710123ab0) thrown at [./open/src/hotspot/share/interpreter/linkResolver.cpp, l
Event: 2.298 Thread 0x00000219a41e1000 Exception <a 'sun/nio/fs/WindowsException'{0x0000000710129e90}> (0x0000000710129e90) thrown at [./open/src/hotspot/share/prims/jni.cpp, line 611]
Event: 2.300 Thread 0x00000219a41e1000 Exception <a 'java/lang/NoSuchMethodError'{0x0000000710137ac8}: java.lang.invoke.DirectMethodHandle$Holder.invokeSpecialIFC(Ljava/lang/Object;Ljava/lang/Object;I)I> (0x0000000710137ac8) thrown at [./open/src/hotspot/share/interpreter/linkResolver.cpp, lin
Event: 2.306 Thread 0x00000219a41e1000 Exception <a 'java/lang/NoSuchMethodError'{0x000000071015ccc0}: java.lang.invoke.DirectMethodHandle$Holder.invokeStaticInit(Ljava/lang/Object;Ljava/lang/Object;Ljava/lang/Object;Ljava/lang/Object;)I> (0x000000071015ccc0) thrown at [./open/src/hotspot/shar
Event: 2.307 Thread 0x00000219a41e1000 Exception <a 'java/lang/IncompatibleClassChangeError'{0x00000007101669a8}: Found class java.lang.Object, but interface was expected> (0x00000007101669a8) thrown at [./open/src/hotspot/share/interpreter/linkResolver.cpp, line 838]
Event: 2.308 Thread 0x00000219a41e1000 Exception <a 'java/lang/NoSuchMethodError'{0x0000000710169f18}: java.lang.invoke.DirectMethodHandle$Holder.invokeStaticInit(Ljava/lang/Object;Ljava/lang/Object;)V> (0x0000000710169f18) thrown at [./open/src/hotspot/share/interpreter/linkResolver.cpp, line
Event: 2.309 Thread 0x00000219a41e1000 Exception <a 'java/lang/NoSuchMethodError'{0x000000071016fd78}: java.lang.invoke.DirectMethodHandle$Holder.invokeStaticInit(Ljava/lang/Object;Ljava/lang/Object;)I> (0x000000071016fd78) thrown at [./open/src/hotspot/share/interpreter/linkResolver.cpp, line
Event: 2.545 Thread 0x00000219a41e1000 Exception <a 'java/lang/NoSuchMethodError'{0x00000007108af0d0}: java.lang.invoke.DirectMethodHandle$Holder.invokeStatic(Ljava/lang/Object;Ljava/lang/Object;IIII)Ljava/lang/Object;> (0x00000007108af0d0) thrown at [./open/src/hotspot/share/interpreter/linkR
Event: 2.545 Thread 0x00000219a41e1000 Exception <a 'java/lang/NoSuchMethodError'{0x00000007108b26c0}: java.lang.invoke.DirectMethodHandle$Holder.invokeStaticInit(Ljava/lang/Object;Ljava/lang/Object;IIII)Ljava/lang/Object;> (0x00000007108b26c0) thrown at [./open/src/hotspot/share/interpreter/l

Events (10 events):
Event: 29.932 Thread 0x00000219a41e1000 DEOPT UNPACKING pc=0x000002198840705e sp=0x000000c0844fc740 mode 0
Event: 30.547 Executing VM operation: G1CollectForAllocation
Event: 30.557 Executing VM operation: G1CollectForAllocation done
Event: 30.557 Executing VM operation: RevokeBias
Event: 30.558 Executing VM operation: RevokeBias done
Event: 30.558 Executing VM operation: RevokeBias
Event: 30.558 Executing VM operation: RevokeBias done
Event: 30.559 Executing VM operation: RevokeBias
Event: 30.559 Executing VM operation: RevokeBias done
Event: 30.559 Executing VM operation: RevokeBias


Dynamic libraries:
0x00007ff6d90a0000 - 0x00007ff6d90af000 	C:\Program Files\Java\jdk-11.0.12\bin\java.exe
0x00007ff9a7af0000 - 0x00007ff9a7ce8000 	C:\Windows\SYSTEM32\ntdll.dll
0x00007ff9a6610000 - 0x00007ff9a66cf000 	C:\Windows\System32\KERNEL32.DLL
0x00007ff9a5750000 - 0x00007ff9a5a2a000 	C:\Windows\System32\KERNELBASE.dll
0x00007ff9a5650000 - 0x00007ff9a5750000 	C:\Windows\System32\ucrtbase.dll
0x00007ff9a0d80000 - 0x00007ff9a0d98000 	C:\Program Files\Java\jdk-11.0.12\bin\jli.dll
0x00007ff9a2970000 - 0x00007ff9a2985000 	C:\Program Files\Java\jdk-11.0.12\bin\VCRUNTIME140.dll
0x00007ff9a6ac0000 - 0x00007ff9a6b6e000 	C:\Windows\System32\ADVAPI32.dll
0x00007ff9a6d50000 - 0x00007ff9a6dee000 	C:\Windows\System32\msvcrt.dll
0x00007ff9a7960000 - 0x00007ff9a79fc000 	C:\Windows\System32\sechost.dll
0x00007ff9a6b70000 - 0x00007ff9a6c96000 	C:\Windows\System32\RPCRT4.dll
0x00007ff9a66d0000 - 0x00007ff9a686d000 	C:\Windows\System32\USER32.dll
0x00007ff9995b0000 - 0x00007ff99984a000 	C:\Windows\WinSxS\amd64_microsoft.windows.common-controls_6595b64144ccf1df_6.0.19041.1110_none_60b5254171f9507e\COMCTL32.dll
0x00007ff9a5a30000 - 0x00007ff9a5a52000 	C:\Windows\System32\win32u.dll
0x00007ff9a7a00000 - 0x00007ff9a7a2b000 	C:\Windows\System32\GDI32.dll
0x00007ff9a5540000 - 0x00007ff9a5650000 	C:\Windows\System32\gdi32full.dll
0x00007ff9a53f0000 - 0x00007ff9a548d000 	C:\Windows\System32\msvcp_win.dll
0x00007ff99ad40000 - 0x00007ff99ad4a000 	C:\Windows\SYSTEM32\VERSION.dll
0x00007ff9a6870000 - 0x00007ff9a68a0000 	C:\Windows\System32\IMM32.DLL
0x00007ff98ae70000 - 0x00007ff98af0b000 	C:\Program Files\Java\jdk-11.0.12\bin\msvcp140.dll
0x00007ff93a620000 - 0x00007ff93b11f000 	C:\Program Files\Java\jdk-11.0.12\bin\server\jvm.dll
0x00007ff9a7670000 - 0x00007ff9a7678000 	C:\Windows\System32\PSAPI.DLL
0x00007ff99a7a0000 - 0x00007ff99a7c7000 	C:\Windows\SYSTEM32\WINMM.dll
0x00007ff998cb0000 - 0x00007ff998cb9000 	C:\Windows\SYSTEM32\WSOCK32.dll
0x00007ff9a78f0000 - 0x00007ff9a795b000 	C:\Windows\System32\WS2_32.dll
0x00007ff9a30a0000 - 0x00007ff9a30b2000 	C:\Windows\SYSTEM32\kernel.appcore.dll
0x00007ff9a2960000 - 0x00007ff9a2970000 	C:\Program Files\Java\jdk-11.0.12\bin\verify.dll
0x00007ff994cf0000 - 0x00007ff994ed4000 	C:\Windows\SYSTEM32\DBGHELP.DLL
0x00007ff993f20000 - 0x00007ff993f54000 	C:\Windows\SYSTEM32\dbgcore.DLL
0x00007ff9a5360000 - 0x00007ff9a53e2000 	C:\Windows\System32\bcryptPrimitives.dll
0x00007ff999380000 - 0x00007ff9993a8000 	C:\Program Files\Java\jdk-11.0.12\bin\java.dll
0x00007ff9a2940000 - 0x00007ff9a294a000 	C:\Program Files\Java\jdk-11.0.12\bin\jimage.dll
0x00007ff9a0520000 - 0x00007ff9a0536000 	C:\Program Files\Java\jdk-11.0.12\bin\zip.dll
0x00007ff9a6ec0000 - 0x00007ff9a7604000 	C:\Windows\System32\SHELL32.dll
0x00007ff9a32a0000 - 0x00007ff9a3a33000 	C:\Windows\SYSTEM32\windows.storage.dll
0x00007ff9a6100000 - 0x00007ff9a6454000 	C:\Windows\System32\combase.dll
0x00007ff9a4b80000 - 0x00007ff9a4bae000 	C:\Windows\SYSTEM32\Wldp.dll
0x00007ff9a5b50000 - 0x00007ff9a5bfd000 	C:\Windows\System32\SHCORE.dll
0x00007ff9a68b0000 - 0x00007ff9a6905000 	C:\Windows\System32\shlwapi.dll
0x00007ff9a5140000 - 0x00007ff9a515f000 	C:\Windows\SYSTEM32\profapi.dll
0x00007ff99fde0000 - 0x00007ff99fdf9000 	C:\Program Files\Java\jdk-11.0.12\bin\net.dll
0x00007ff99e320000 - 0x00007ff99e42a000 	C:\Windows\SYSTEM32\WINHTTP.dll
0x00007ff9a4960000 - 0x00007ff9a49ca000 	C:\Windows\system32\mswsock.dll
0x00007ff99dfe0000 - 0x00007ff99dff2000 	C:\Program Files\Java\jdk-11.0.12\bin\nio.dll
0x00007ff988f40000 - 0x00007ff9890da000 	C:\Program Files\Java\jdk-11.0.12\bin\awt.dll
0x00007ff9a6df0000 - 0x00007ff9a6ebd000 	C:\Windows\System32\OLEAUT32.dll
0x00007ff9a2a00000 - 0x00007ff9a2a90000 	C:\Windows\SYSTEM32\apphelp.dll
0x00007ff9a2bd0000 - 0x00007ff9a2c6e000 	C:\Windows\system32\uxtheme.dll
0x00007ff9a69a0000 - 0x00007ff9a6ab4000 	C:\Windows\System32\MSCTF.dll
0x00007ff9a7680000 - 0x00007ff9a77aa000 	C:\Windows\System32\ole32.dll
0x00007ff9a2ec0000 - 0x00007ff9a2eef000 	C:\Windows\system32\DWMAPI.DLL
0x00007ff991e00000 - 0x00007ff991e86000 	C:\Program Files\Java\jdk-11.0.12\bin\freetype.dll
0x00007ff98a6e0000 - 0x00007ff98a782000 	C:\Program Files\Java\jdk-11.0.12\bin\fontmanager.dll
0x00007ff9887e0000 - 0x00007ff988905000 	C:\Windows\system32\opengl32.dll
0x00007ff999350000 - 0x00007ff99937c000 	C:\Windows\SYSTEM32\GLU32.dll
0x00007ff9983c0000 - 0x00007ff99858d000 	C:\Windows\system32\d3d9.dll
0x00007ff99ab30000 - 0x00007ff99ac1b000 	C:\Windows\System32\DriverStore\FileRepository\nv_ref_pubwu.inf_amd64_708ec8f9a4d134c6\nvldumdx.dll
0x00007ff9a5200000 - 0x00007ff9a5356000 	C:\Windows\System32\crypt32.dll
0x00007ff9a4f40000 - 0x00007ff9a4f52000 	C:\Windows\SYSTEM32\MSASN1.dll
0x00007ff9a4ed0000 - 0x00007ff9a4ee8000 	C:\Windows\SYSTEM32\CRYPTSP.dll
0x00007ff9a4230000 - 0x00007ff9a4264000 	C:\Windows\system32\rsaenh.dll
0x00007ff9a5ad0000 - 0x00007ff9a5af7000 	C:\Windows\System32\bcrypt.dll
0x00007ff9a4af0000 - 0x00007ff9a4afc000 	C:\Windows\SYSTEM32\CRYPTBASE.dll
0x00007ff947080000 - 0x00007ff94828d000 	C:\Windows\System32\DriverStore\FileRepository\nv_ref_pubwu.inf_amd64_708ec8f9a4d134c6\nvd3dumx.dll
0x00007ff9a4790000 - 0x00007ff9a47db000 	C:\Windows\system32\powrprof.dll
0x00007ff9a4600000 - 0x00007ff9a4612000 	C:\Windows\SYSTEM32\UMPDC.dll
0x00007ff998630000 - 0x00007ff99871c000 	C:\Program Files (x86)\NVIDIA Corporation\3D Vision\nvSCPAPI64.dll
0x00007ff9a5c90000 - 0x00007ff9a60f8000 	C:\Windows\System32\SETUPAPI.dll
0x00007ff9a5b00000 - 0x00007ff9a5b4e000 	C:\Windows\System32\cfgmgr32.dll
0x00007ff99fa70000 - 0x00007ff99faab000 	C:\Windows\SYSTEM32\dxcore.dll
0x00007ff9a6ca0000 - 0x00007ff9a6d49000 	C:\Windows\System32\clbcatq.dll
0x00007ff99e430000 - 0x00007ff99e5e4000 	C:\Windows\SYSTEM32\WindowsCodecs.dll
0x00007ff980d30000 - 0x00007ff980d6e000 	C:\Windows\system32\dataexchange.dll
0x00007ff9a0ed0000 - 0x00007ff9a1133000 	C:\Windows\system32\d3d11.dll
0x00007ff9a1e10000 - 0x00007ff9a1ff3000 	C:\Windows\system32\dcomp.dll
0x00007ff9a3a80000 - 0x00007ff9a3b73000 	C:\Windows\system32\dxgi.dll
0x00007ff99e770000 - 0x00007ff99e970000 	C:\Windows\system32\twinapi.appcore.dll
0x00007ff9890e0000 - 0x00007ff9891d9000 	C:\Windows\SYSTEM32\textinputframework.dll
0x00007ff9a2380000 - 0x00007ff9a26de000 	C:\Windows\System32\CoreUIComponents.dll
0x00007ff9a26e0000 - 0x00007ff9a27d2000 	C:\Windows\System32\CoreMessaging.dll
0x00007ff9a4350000 - 0x00007ff9a4383000 	C:\Windows\SYSTEM32\ntmarta.dll
0x00007ff9a1cb0000 - 0x00007ff9a1e04000 	C:\Windows\SYSTEM32\wintypes.dll
0x00007ff9a0ea0000 - 0x00007ff9a0ead000 	C:\Program Files\Java\jdk-11.0.12\bin\sunmscapi.dll
0x00007ff9a4bf0000 - 0x00007ff9a4c18000 	C:\Windows\SYSTEM32\ncrypt.dll
0x00007ff9a4bb0000 - 0x00007ff9a4beb000 	C:\Windows\SYSTEM32\NTASN1.dll
0x00007ff999260000 - 0x00007ff999285000 	C:\Program Files\Java\jdk-11.0.12\bin\sunec.dll
0x00007ff9a5100000 - 0x00007ff9a512e000 	C:\Windows\SYSTEM32\USERENV.dll
0x00007ff9a4620000 - 0x00007ff9a465c000 	C:\Windows\SYSTEM32\IPHLPAPI.DLL
0x00007ff9a6990000 - 0x00007ff9a6998000 	C:\Windows\System32\NSI.dll
0x00007ff99f520000 - 0x00007ff99f537000 	C:\Windows\SYSTEM32\dhcpcsvc6.DLL
0x00007ff99f500000 - 0x00007ff99f51d000 	C:\Windows\SYSTEM32\dhcpcsvc.DLL
0x00007ff9a4670000 - 0x00007ff9a473b000 	C:\Windows\SYSTEM32\DNSAPI.dll
0x00007ff99b640000 - 0x00007ff99b64a000 	C:\Windows\System32\rasadhlp.dll
0x00007ff99bd90000 - 0x00007ff99be10000 	C:\Windows\System32\fwpuclnt.dll
0x000000006d580000 - 0x000000006d63d000 	C:\Users\Maurcio Herrera\AppData\Local\Temp\sqlite-3.8.11.2-9da98dee-426b-403b-a3ca-af8b5c631d40-sqlitejdbc.dll
0x0000000000a80000 - 0x0000000000b3d000 	C:\Users\Maurcio Herrera\AppData\Local\Temp\sqlite-3.8.11.2-d99767d8-3370-4f33-a1c4-cbe4b2a33cc6-sqlitejdbc.dll

dbghelp: loaded successfully - version: 4.0.5 - missing functions: none
symbol engine: initialized successfully - sym options: 0x614 - pdb path: .;C:\Program Files\Java\jdk-11.0.12\bin;C:\Windows\SYSTEM32;C:\Windows\WinSxS\amd64_microsoft.windows.common-controls_6595b64144ccf1df_6.0.19041.1110_none_60b5254171f9507e;C:\Program Files\Java\jdk-11.0.12\bin\server;C:\Windows\System32\DriverStore\FileRepository\nv_ref_pubwu.inf_amd64_708ec8f9a4d134c6;C:\Program Files (x86)\NVIDIA Corporation\3D Vision;C:\Users\Maurcio Herrera\AppData\Local\Temp

VM Arguments:
jvm_args: -Dfile.encoding=UTF-8 
java_command: Views.LoginForm
java_class_path (initial): D:\Documentos\NetBeansProjects\oicpdp\Librerias\sqlite-jdbc-3.8.11.2.jar;D:\Documentos\NetBeansProjects\oicpdp\Librerias\gson-2.2.2.jar;E:\NetBeans-12.3\netbeans\java\modules\ext\AbsoluteLayout.jar;D:\Documentos\NetBeansProjects\oicpdp\Librerias\Notify.jar;D:\Documentos\NetBeansProjects\oicpdp\build\classes
Launcher Type: SUN_STANDARD

[Global flags]
     intx CICompilerCount                          = 4                                         {product} {ergonomic}
     uint ConcGCThreads                            = 2                                         {product} {ergonomic}
     uint G1ConcRefinementThreads                  = 8                                         {product} {ergonomic}
   size_t G1HeapRegionSize                         = 1048576                                   {product} {ergonomic}
    uintx GCDrainStackTargetSize                   = 64                                        {product} {ergonomic}
   size_t InitialHeapSize                          = 268435456                                 {product} {ergonomic}
   size_t MarkStackSize                            = 4194304                                   {product} {ergonomic}
   size_t MaxHeapSize                              = 4278190080                                {product} {ergonomic}
   size_t MaxNewSize                               = 2566914048                                {product} {ergonomic}
   size_t MinHeapDeltaBytes                        = 1048576                                   {product} {ergonomic}
    uintx NonNMethodCodeHeapSize                   = 5836300                                {pd product} {ergonomic}
    uintx NonProfiledCodeHeapSize                  = 122910970                              {pd product} {ergonomic}
    uintx ProfiledCodeHeapSize                     = 122910970                              {pd product} {ergonomic}
    uintx ReservedCodeCacheSize                    = 251658240                              {pd product} {ergonomic}
     bool SegmentedCodeCache                       = true                                      {product} {ergonomic}
     bool UseCompressedClassPointers               = true                                 {lp64_product} {ergonomic}
     bool UseCompressedOops                        = true                                 {lp64_product} {ergonomic}
     bool UseG1GC                                  = true                                      {product} {ergonomic}
     bool UseLargePagesIndividualAllocation        = false                                  {pd product} {ergonomic}

Logging:
Log output configuration:
 #0: stdout all=warning uptime,level,tags
 #1: stderr all=off uptime,level,tags

Environment Variables:
JAVA_HOME=C:\Program Files\Java\jdk-17
PATH=C:\Windows;C:\Windows\system32;C:\Python311\Scripts\;C:\Python311\;C:\Python310\Scripts\;C:\Python310\;C:\Program Files\Common Files\Oracle\Java\javapath;C:\Program Files (x86)\Common Files\Oracle\Java\javapath;C:\Windows\System32\Wbem;C:\Windows\System32\WindowsPowerShell\v1.0\;C:\Windows\System32\OpenSSH\;C:\Program Files (x86)\NVIDIA Corporation\PhysX\Common;E:\xampp\php;C:\ProgramData\ComposerSetup\bin;E:\Git\cmd;C:\Program Files\Docker\Docker\resources\bin;C:\ProgramData\DockerDesktop\version-bin;C:\ProgramData\chocolatey\bin;C:\Program Files (x86)\Groovy\bin;C:\Program Files\Java\jdk-17\bin;C:\Users\Maurcio Herrera\AppData\Local\Android\Sdk;E:\TotoiseSvn\bin;E:\NodeJs\;C:\Program Files\Java\apache-maven-3.9.0\bin;C:\Program Files\Apache Software Foundation\Tomcat 10.1\bin;C:\Program Files\Java\jdk1.8.0_181\bin;C:\Windows;C:Windows\System32;C:\Users\Maurcio Herrera\AppData\Local\Microsoft\WindowsApps;C:\Users\Maurcio Herrera\AppData\Roaming\Composer\vendor\bin;C:\src\flutter\bin;C:\Program Files\Java\jdk-17\bin;C:\Users\Maurcio Herrera\AppData\Local\Android\Sdk\platform-tools;C:\gradle-7.4.2-bin\gradle-7.4.2\bin;E:\Microsoft VS Code\bin;C:\Users\Maurcio Herrera\AppData\Local\Pub\Cache\bin;C:\Users\Maurcio Herrera\AppData\Roaming\npm;E:\IntelliJ IDEA Community Edition 2022.3.2\bin;;E:\NetBeans-13\netbeans\java\maven\bin;
USERNAME=Maurcio Herrera
OS=Windows_NT
PROCESSOR_IDENTIFIER=Intel64 Family 6 Model 60 Stepping 3, GenuineIntel



---------------  S Y S T E M  ---------------

OS: Windows 10 , 64 bit Build 19041 (10.0.19041.2788)
Hyper-V role detected

CPU:total 8 (initial active 8) (4 cores per cpu, 2 threads per core) family 6 model 60 stepping 3 microcode 0x27, cmov, cx8, fxsr, mmx, sse, sse2, sse3, ssse3, sse4.1, sse4.2, popcnt, avx, avx2, aes, clmul, erms, lzcnt, ht, tsc, tscinvbit, bmi1, bmi2, fma

Memory: 4k page, system-wide physical 16319M (4945M free)
TotalPageFile size 18751M (AvailPageFile size 6652M)
current process WorkingSet (physical memory assigned to process): 171M, peak: 215M
current process commit charge ("private bytes"): 423M, peak: 489M

vm_info: Java HotSpot(TM) 64-Bit Server VM (11.0.12+8-LTS-237) for windows-amd64 JRE (11.0.12+8-LTS-237), built on Jun  8 2021 11:25:59 by "mach5one" with MS VC++ 15.9 (VS2017)

END.
